Using pre-set license
Built from '2020.3/staging' branch; Version is '2020.3.19f1 (68f137dc9bbe) revision 6877495'; Using compiler version '192528614'; Build Type 'Release'
OS: 'Windows 10 Home; OS build 19043.1586; Version 2009; 64bit' Language: 'ja' Physical Memory: 16241 MB
BatchMode: 1, IsHumanControllingUs: 0, StartBugReporterOnCrash: 0, Is64bit: 1, IsPro: 0

COMMAND LINE ARGUMENTS:
C:\Users\vivio\Desktop\unity\2020.3.19f1\Editor\Unity.exe
-adb2
-batchMode
-noUpm
-name
AssetImportWorker0
-projectPath
D:/ゲームクリエイトプロジェクト/HSJ/HSJ
-logFile
Logs/AssetImportWorker0.log
-srvPort
63917
Successfully changed project path to: D:/ゲームクリエイトプロジェクト/HSJ/HSJ
D:/ゲームクリエイトプロジェクト/HSJ/HSJ
Using Asset Import Pipeline V2.
Refreshing native plugins compatible for Editor in 43.66 ms, found 3 plugins.
Preloading 0 native plugins for Editor in 0.00 ms.
Initialize engine version: 2020.3.19f1 (68f137dc9bbe)
[Subsystems] Discovering subsystems at path C:/Users/vivio/Desktop/unity/2020.3.19f1/Editor/Data/Resources/UnitySubsystems
[Subsystems] Discovering subsystems at path D:/ゲームクリエイトプロジェクト/HSJ/HSJ/Assets
GfxDevice: creating device client; threaded=0
Direct3D:
    Version:  Direct3D 11.0 [level 11.1]
    Renderer: NVIDIA GeForce GTX 1650 (ID=0x1f91)
    Vendor:   
    VRAM:     3962 MB
    Driver:   30.0.14.9613
Initialize mono
Mono path[0] = 'C:/Users/vivio/Desktop/unity/2020.3.19f1/Editor/Data/Managed'
Mono path[1] = 'C:/Users/vivio/Desktop/unity/2020.3.19f1/Editor/Data/MonoBleedingEdge/lib/mono/unityjit'
Mono config path = 'C:/Users/vivio/Desktop/unity/2020.3.19f1/Editor/Data/MonoBleedingEdge/etc'
Using monoOptions --debugger-agent=transport=dt_socket,embedding=1,server=y,suspend=n,address=127.0.0.1:56112
Begin MonoManager ReloadAssembly
Registering precompiled unity dll's ...
Register platform support module: C:/Users/vivio/Desktop/unity/2020.3.19f1/Editor/Data/PlaybackEngines/MacStandaloneSupport/UnityEditor.OSXStandalone.Extensions.dll
Register platform support module: C:/Users/vivio/Desktop/unity/2020.3.19f1/Editor/Data/PlaybackEngines/WindowsStandaloneSupport/UnityEditor.WindowsStandalone.Extensions.dll
Registered in 0.003241 seconds.
Native extension for WindowsStandalone target not found
Native extension for OSXStandalone target not found
Refreshing native plugins compatible for Editor in 48.08 ms, found 3 plugins.
Preloading 0 native plugins for Editor in 0.00 ms.
Mono: successfully reloaded assembly
- Completed reload, in  1.244 seconds
Domain Reload Profiling:
	ReloadAssembly (1245ms)
		BeginReloadAssembly (59ms)
			ExecutionOrderSort (0ms)
			DisableScriptedObjects (0ms)
			BackupInstance (0ms)
			ReleaseScriptingObjects (0ms)
			CreateAndSetChildDomain (1ms)
		EndReloadAssembly (416ms)
			LoadAssemblies (56ms)
			RebuildTransferFunctionScriptingTraits (0ms)
			SetupTypeCache (144ms)
			ReleaseScriptCaches (0ms)
			RebuildScriptCaches (31ms)
			SetupLoadedEditorAssemblies (170ms)
				LogAssemblyErrors (0ms)
				InitializePlatformSupportModulesInManaged (5ms)
				SetLoadedEditorAssemblies (0ms)
				RefreshPlugins (48ms)
				BeforeProcessingInitializeOnLoad (15ms)
				ProcessInitializeOnLoadAttributes (73ms)
				ProcessInitializeOnLoadMethodAttributes (28ms)
				AfterProcessingInitializeOnLoad (0ms)
				EditorAssembliesLoaded (0ms)
			ExecutionOrderSort2 (0ms)
			AwakeInstancesAfterBackupRestoration (0ms)
Platform modules already initialized, skipping
Registering precompiled user dll's ...
Registered in 0.004700 seconds.
Begin MonoManager ReloadAssembly
Native extension for WindowsStandalone target not found
Native extension for OSXStandalone target not found
Refreshing native plugins compatible for Editor in 41.49 ms, found 3 plugins.
Preloading 0 native plugins for Editor in 0.00 ms.
Mono: successfully reloaded assembly
- Completed reload, in  1.079 seconds
Domain Reload Profiling:
	ReloadAssembly (1079ms)
		BeginReloadAssembly (142ms)
			ExecutionOrderSort (0ms)
			DisableScriptedObjects (4ms)
			BackupInstance (0ms)
			ReleaseScriptingObjects (0ms)
			CreateAndSetChildDomain (17ms)
		EndReloadAssembly (872ms)
			LoadAssemblies (98ms)
			RebuildTransferFunctionScriptingTraits (0ms)
			SetupTypeCache (297ms)
			ReleaseScriptCaches (0ms)
			RebuildScriptCaches (45ms)
			SetupLoadedEditorAssemblies (323ms)
				LogAssemblyErrors (0ms)
				InitializePlatformSupportModulesInManaged (4ms)
				SetLoadedEditorAssemblies (0ms)
				RefreshPlugins (42ms)
				BeforeProcessingInitializeOnLoad (74ms)
				ProcessInitializeOnLoadAttributes (179ms)
				ProcessInitializeOnLoadMethodAttributes (15ms)
				AfterProcessingInitializeOnLoad (9ms)
				EditorAssembliesLoaded (0ms)
			ExecutionOrderSort2 (0ms)
			AwakeInstancesAfterBackupRestoration (7ms)
Platform modules already initialized, skipping
========================================================================
Worker process is ready to serve import requests
Launched and connected shader compiler UnityShaderCompiler.exe after 0.09 seconds
Refreshing native plugins compatible for Editor in 0.58 ms, found 3 plugins.
Preloading 0 native plugins for Editor in 0.00 ms.
Unloading 2242 Unused Serialized files (Serialized files now loaded: 0)
System memory in use before: 97.1 MB.
System memory in use after: 97.2 MB.

Unloading 30 unused Assets to reduce memory usage. Loaded Objects now: 2681.
Total: 2.867500 ms (FindLiveObjects: 0.195300 ms CreateObjectMapping: 0.077000 ms MarkObjects: 2.527900 ms  DeleteObjects: 0.066500 ms)

AssetImportParameters requested are different than current active one (requested -> active):
  custom:framework-win-MediaFoundation: 216162199b28c13a410421893ffa2e32 -> 
  custom:video-decoder-ogg-theora: a1e56fd34408186e4bbccfd4996cb3dc -> 
  custom:container-muxer-webm: aa71ff27fc2769a1b78a27578f13a17b -> 
  custom:container-demuxer-webm: 4f35f7cbe854078d1ac9338744f61a02 -> 
  custom:container-demuxer-ogg: 62fdf1f143b41e24485cea50d1cbac27 -> 
  custom:video-encoder-webm-vp8: eb34c28f22e8b96e1ab97ce403110664 -> 
  custom:video-codec-MediaFoundation-h265: 746d11721c4dcdbdad8f713fa42b33f4 -> 
  custom:video-decoder-webm-vp8: 9c59270c3fd7afecdb556c50c9e8de78 -> 
  custom:audio-decoder-ogg-vorbis: bf7c407c2cedff20999df2af8eb42d56 -> 
  custom:audio-encoder-webm-vorbis: bf7c407c2cedff20999df2af8eb42d56 -> 
========================================================================
Received Import Request.
  path: Assets/Scenes/tutorial1.unity
  artifactKey: Guid(7a370a70d0f52694ba276287c9d4f47b) Importer(815301076,1909f56bfc062723c751e8b465ee728b)
Start importing Assets/Scenes/tutorial1.unity using Guid(7a370a70d0f52694ba276287c9d4f47b) Importer(815301076,1909f56bfc062723c751e8b465ee728b)  -> (artifact id: 'a20134a24f4d18b27e4611d546239282') in 0.015148 seconds 
  Import took 0.018925 seconds .

========================================================================
Received Prepare
Registering precompiled user dll's ...
Registered in 0.006250 seconds.
Begin MonoManager ReloadAssembly
Native extension for WindowsStandalone target not found
Native extension for OSXStandalone target not found
Refreshing native plugins compatible for Editor in 0.48 ms, found 3 plugins.
Preloading 0 native plugins for Editor in 0.00 ms.
Mono: successfully reloaded assembly
- Completed reload, in  0.986 seconds
Domain Reload Profiling:
	ReloadAssembly (987ms)
		BeginReloadAssembly (120ms)
			ExecutionOrderSort (0ms)
			DisableScriptedObjects (5ms)
			BackupInstance (0ms)
			ReleaseScriptingObjects (0ms)
			CreateAndSetChildDomain (31ms)
		EndReloadAssembly (806ms)
			LoadAssemblies (92ms)
			RebuildTransferFunctionScriptingTraits (0ms)
			SetupTypeCache (298ms)
			ReleaseScriptCaches (1ms)
			RebuildScriptCaches (39ms)
			SetupLoadedEditorAssemblies (291ms)
				LogAssemblyErrors (0ms)
				InitializePlatformSupportModulesInManaged (6ms)
				SetLoadedEditorAssemblies (0ms)
				RefreshPlugins (1ms)
				BeforeProcessingInitializeOnLoad (85ms)
				ProcessInitializeOnLoadAttributes (179ms)
				ProcessInitializeOnLoadMethodAttributes (10ms)
				AfterProcessingInitializeOnLoad (11ms)
				EditorAssembliesLoaded (0ms)
			ExecutionOrderSort2 (0ms)
			AwakeInstancesAfterBackupRestoration (8ms)
Platform modules already initialized, skipping
Refreshing native plugins compatible for Editor in 0.51 ms, found 3 plugins.
Preloading 0 native plugins for Editor in 0.00 ms.
Unloading 2231 Unused Serialized files (Serialized files now loaded: 0)
System memory in use before: 96.6 MB.
System memory in use after: 96.7 MB.

Unloading 19 unused Assets to reduce memory usage. Loaded Objects now: 2683.
Total: 3.152500 ms (FindLiveObjects: 0.193300 ms CreateObjectMapping: 0.082200 ms MarkObjects: 2.858700 ms  DeleteObjects: 0.017300 ms)

AssetImportParameters requested are different than current active one (requested -> active):
  custom:framework-win-MediaFoundation: 216162199b28c13a410421893ffa2e32 -> 
  custom:video-decoder-ogg-theora: a1e56fd34408186e4bbccfd4996cb3dc -> 
  custom:container-muxer-webm: aa71ff27fc2769a1b78a27578f13a17b -> 
  custom:container-demuxer-webm: 4f35f7cbe854078d1ac9338744f61a02 -> 
  custom:container-demuxer-ogg: 62fdf1f143b41e24485cea50d1cbac27 -> 
  custom:video-encoder-webm-vp8: eb34c28f22e8b96e1ab97ce403110664 -> 
  custom:video-codec-MediaFoundation-h265: 746d11721c4dcdbdad8f713fa42b33f4 -> 
  custom:video-decoder-webm-vp8: 9c59270c3fd7afecdb556c50c9e8de78 -> 
  custom:audio-decoder-ogg-vorbis: bf7c407c2cedff20999df2af8eb42d56 -> 
  custom:audio-encoder-webm-vorbis: bf7c407c2cedff20999df2af8eb42d56 -> 
========================================================================
Received Import Request.
  Time since last request: 66.430224 seconds.
  path: Assets/Scenes/Map13.unity
  artifactKey: Guid(406b1727d18afbf4b898de55aa61e02c) Importer(815301076,1909f56bfc062723c751e8b465ee728b)
Start importing Assets/Scenes/Map13.unity using Guid(406b1727d18afbf4b898de55aa61e02c) Importer(815301076,1909f56bfc062723c751e8b465ee728b)  -> (artifact id: '96bf10fc58857066f016a84b10a090e8') in 0.015456 seconds 
  Import took 0.019158 seconds .

========================================================================
Received Import Request.
  Time since last request: 6.217104 seconds.
  path: Assets/Prefabs/DeathTriangle.prefab
  artifactKey: Guid(99ba1064c397c4e8094fea9d91e40af3) Importer(815301076,1909f56bfc062723c751e8b465ee728b)
Start importing Assets/Prefabs/DeathTriangle.prefab using Guid(99ba1064c397c4e8094fea9d91e40af3) Importer(815301076,1909f56bfc062723c751e8b465ee728b)  -> (artifact id: '215bea7fa37025b9067345998c7e12b9') in 0.119215 seconds 
  Import took 0.123571 seconds .

========================================================================
Received Import Request.
  Time since last request: 0.000412 seconds.
  path: Assets/Prefabs/ThroughCircle.prefab
  artifactKey: Guid(68d20caae8e6f7f44a70a59abe0f2217) Importer(815301076,1909f56bfc062723c751e8b465ee728b)
Start importing Assets/Prefabs/ThroughCircle.prefab using Guid(68d20caae8e6f7f44a70a59abe0f2217) Importer(815301076,1909f56bfc062723c751e8b465ee728b)  -> (artifact id: '66955471edae65b468eb3d0e3d1e3828') in 0.021668 seconds 
  Import took 0.025524 seconds .

========================================================================
Received Import Request.
  Time since last request: 18.898960 seconds.
  path: Assets/Resources
  artifactKey: Guid(3ac58ab50967541cd978f6feb72d87ee) Importer(815301076,1909f56bfc062723c751e8b465ee728b)
Start importing Assets/Resources using Guid(3ac58ab50967541cd978f6feb72d87ee) Importer(815301076,1909f56bfc062723c751e8b465ee728b)  -> (artifact id: 'd544ace5ab14b4398c462f22f5c3b1e1') in 0.008535 seconds 
  Import took 0.012033 seconds .

========================================================================
Received Import Request.
  Time since last request: 7.702883 seconds.
  path: Assets/Scenes/Map12.unity
  artifactKey: Guid(cad37226c1156af4da583a9b4078547b) Importer(815301076,1909f56bfc062723c751e8b465ee728b)
Start importing Assets/Scenes/Map12.unity using Guid(cad37226c1156af4da583a9b4078547b) Importer(815301076,1909f56bfc062723c751e8b465ee728b)  -> (artifact id: 'ecdd6b962233d436d695214bdfb5a560') in 0.005872 seconds 
  Import took 0.010732 seconds .

========================================================================
Received Import Request.
  Time since last request: 38.465321 seconds.
  path: Assets/Scenes/Map9.unity
  artifactKey: Guid(d7c183de0042a1d45b880d02371494da) Importer(815301076,1909f56bfc062723c751e8b465ee728b)
Start importing Assets/Scenes/Map9.unity using Guid(d7c183de0042a1d45b880d02371494da) Importer(815301076,1909f56bfc062723c751e8b465ee728b)  -> (artifact id: '8aa07059fb043802023d78b5a0d48a26') in 0.006164 seconds 
  Import took 0.010738 seconds .

========================================================================
Received Import Request.
  Time since last request: 2.543792 seconds.
  path: Assets/Scenes/Map8.unity
  artifactKey: Guid(60ba8c71a9533a84fa262c630a0577be) Importer(815301076,1909f56bfc062723c751e8b465ee728b)
Start importing Assets/Scenes/Map8.unity using Guid(60ba8c71a9533a84fa262c630a0577be) Importer(815301076,1909f56bfc062723c751e8b465ee728b)  -> (artifact id: 'f9a09f7584241699ccfe101dea07685c') in 0.005693 seconds 
  Import took 0.009102 seconds .

========================================================================
Received Import Request.
  Time since last request: 0.630464 seconds.
  path: Assets/Scenes/Map7.unity
  artifactKey: Guid(8979fe6f9b8b504489239a5b9286b2e6) Importer(815301076,1909f56bfc062723c751e8b465ee728b)
Start importing Assets/Scenes/Map7.unity using Guid(8979fe6f9b8b504489239a5b9286b2e6) Importer(815301076,1909f56bfc062723c751e8b465ee728b)  -> (artifact id: 'e13042eccef04ee56b21348ee1f8fe92') in 0.007198 seconds 
  Import took 0.011058 seconds .

========================================================================
Received Import Request.
  Time since last request: 0.820979 seconds.
  path: Assets/Scenes/Map6.unity
  artifactKey: Guid(b7807f2a2d1b1c541b11fa86e007717e) Importer(815301076,1909f56bfc062723c751e8b465ee728b)
Start importing Assets/Scenes/Map6.unity using Guid(b7807f2a2d1b1c541b11fa86e007717e) Importer(815301076,1909f56bfc062723c751e8b465ee728b)  -> (artifact id: '76d6affc525a2ca60379c2692ead25cf') in 0.006158 seconds 
  Import took 0.010682 seconds .

========================================================================
Received Import Request.
  Time since last request: 1.130713 seconds.
  path: Assets/Scenes/Map5.unity
  artifactKey: Guid(fee92a6f2cf5d8141a2e3a85b11432da) Importer(815301076,1909f56bfc062723c751e8b465ee728b)
Start importing Assets/Scenes/Map5.unity using Guid(fee92a6f2cf5d8141a2e3a85b11432da) Importer(815301076,1909f56bfc062723c751e8b465ee728b)  -> (artifact id: '14f93c6a79444c4d63d8bd7fa9cc1798') in 0.006318 seconds 
  Import took 0.010593 seconds .

========================================================================
Received Import Request.
  Time since last request: 0.507712 seconds.
  path: Assets/Scenes/Map4.unity
  artifactKey: Guid(4cbcf3a6475928449bc55e77bb183ae3) Importer(815301076,1909f56bfc062723c751e8b465ee728b)
Start importing Assets/Scenes/Map4.unity using Guid(4cbcf3a6475928449bc55e77bb183ae3) Importer(815301076,1909f56bfc062723c751e8b465ee728b)  -> (artifact id: '67248086d45d626eb5fe5ed11518167a') in 0.006354 seconds 
  Import took 0.010015 seconds .

========================================================================
Received Import Request.
  Time since last request: 0.660087 seconds.
  path: Assets/Scenes/Map3.unity
  artifactKey: Guid(ec753cc6db97b304996a3a220b270990) Importer(815301076,1909f56bfc062723c751e8b465ee728b)
Start importing Assets/Scenes/Map3.unity using Guid(ec753cc6db97b304996a3a220b270990) Importer(815301076,1909f56bfc062723c751e8b465ee728b)  -> (artifact id: '56b492f8b73a6c683eb2c49d81351280') in 0.005679 seconds 
  Import took 0.009882 seconds .

========================================================================
Received Import Request.
  Time since last request: 0.535663 seconds.
  path: Assets/Scenes/Map2.unity
  artifactKey: Guid(6444e021b89761647b7c3bca94b9ea13) Importer(815301076,1909f56bfc062723c751e8b465ee728b)
Start importing Assets/Scenes/Map2.unity using Guid(6444e021b89761647b7c3bca94b9ea13) Importer(815301076,1909f56bfc062723c751e8b465ee728b)  -> (artifact id: '6e3f0a3ea075290581f98251deb7c5fa') in 0.008861 seconds 
  Import took 0.014582 seconds .

========================================================================
Received Import Request.
  Time since last request: 0.850961 seconds.
  path: Assets/Scenes/Map1.unity
  artifactKey: Guid(34f2034a9c2ccff4f95e83054a57b39f) Importer(815301076,1909f56bfc062723c751e8b465ee728b)
Start importing Assets/Scenes/Map1.unity using Guid(34f2034a9c2ccff4f95e83054a57b39f) Importer(815301076,1909f56bfc062723c751e8b465ee728b)  -> (artifact id: 'f55fa9bf1f7924e3c8f2cc4a9172ad2b') in 0.006032 seconds 
  Import took 0.010516 seconds .

========================================================================
Received Import Request.
  Time since last request: 0.981063 seconds.
  path: Assets/Scenes/Map11.unity
  artifactKey: Guid(f3635f2a7e5725443b279bcf1fe97147) Importer(815301076,1909f56bfc062723c751e8b465ee728b)
Start importing Assets/Scenes/Map11.unity using Guid(f3635f2a7e5725443b279bcf1fe97147) Importer(815301076,1909f56bfc062723c751e8b465ee728b)  -> (artifact id: '471ad9198742ac15aa2a5e98599fab36') in 0.007589 seconds 
  Import took 0.013380 seconds .

========================================================================
Received Import Request.
  Time since last request: 0.490770 seconds.
  path: Assets/Scenes/Map10.unity
  artifactKey: Guid(00852ee2dd86ffd4d9888be907c96254) Importer(815301076,1909f56bfc062723c751e8b465ee728b)
Start importing Assets/Scenes/Map10.unity using Guid(00852ee2dd86ffd4d9888be907c96254) Importer(815301076,1909f56bfc062723c751e8b465ee728b)  -> (artifact id: '0f13aca7bd11e41c520b08e191b99751') in 0.007602 seconds 
  Import took 0.013084 seconds .

AssetImportWorkerClient::OnTransportError - code=2 error=End of file
